# JRE version: Java(TM) SE Runtime Environment (21.0.2+13) (build 21.0.2+13-LTS-58)
# Java VM: Java HotSpot(TM) 64-Bit Server VM (21.0.2+13-LTS-58, mixed mode, sharing, tiered, compressed oops, compressed class ptrs, g1 gc, windows-amd64)
GC Precious Log:
 CardTable entry size: 512
 Card Set container configuration: InlinePtr #cards 5 size 8 Array Of Cards #cards 12 size 40 Howl #buckets 4 coarsen threshold 1843 Howl Bitmap #cards 512 size 80 coarsen threshold 460 Card regions per heap region 1 cards per card region 2048
 CPUs: 2 total, 2 available
 Memory: 3911M
 Large Page Support: Disabled
 NUMA Support: Disabled
 Compressed Oops: Enabled (32-bit)
 Heap Region Size: 1M
 Heap Min Capacity: 8M
 Heap Initial Capacity: 62M
 Heap Max Capacity: 978M
 Pre-touch: Disabled
 Parallel Workers: 2
 Concurrent Workers: 1
 Concurrent Refinement Workers: 2
 Periodic GC: Disabled
Heap:
 garbage-first heap   total 63488K, used 16572K [0x00000000c2e00000, 0x0000000100000000)
  region size 1024K, 7 young (7168K), 3 survivors (3072K)
 Metaspace       used 23772K, committed 24128K, reserved 1114112K
  class space    used 2780K, committed 2944K, reserved 1048576K
GC Heap History (18 events):
Event: 18.011 GC heap before
{Heap before GC invocations=0 (full 0):
 garbage-first heap   total 63488K, used 5120K [0x00000000c2e00000, 0x0000000100000000)
  region size 1024K, 6 young (6144K), 0 survivors (0K)
 Metaspace       used 2134K, committed 2240K, reserved 1114112K
  class space    used 194K, committed 256K, reserved 1048576K
}
Event: 18.021 GC heap after
{Heap after GC invocations=1 (full 0):
 garbage-first heap   total 63488K, used 2031K [0x00000000c2e00000, 0x0000000100000000)
  region size 1024K, 1 young (1024K), 1 survivors (1024K)
 Metaspace       used 2134K, committed 2240K, reserved 1114112K
  class space    used 194K, committed 256K, reserved 1048576K
}
Event: 19.781 GC heap before
{Heap before GC invocations=1 (full 0):
 garbage-first heap   total 63488K, used 6127K [0x00000000c2e00000, 0x0000000100000000)
  region size 1024K, 5 young (5120K), 1 survivors (1024K)
 Metaspace       used 3302K, committed 3456K, reserved 1114112K
  class space    used 312K, committed 384K, reserved 1048576K
}
Event: 19.792 GC heap after
{Heap after GC invocations=2 (full 0):
 garbage-first heap   total 63488K, used 3272K [0x00000000c2e00000, 0x0000000100000000)
  region size 1024K, 1 young (1024K), 1 survivors (1024K)
 Metaspace       used 3302K, committed 3456K, reserved 1114112K
  class space    used 312K, committed 384K, reserved 1048576K
}
Event: 21.015 GC heap before
{Heap before GC invocations=2 (full 0):
 garbage-first heap   total 63488K, used 12488K [0x00000000c2e00000, 0x0000000100000000)
  region size 1024K, 11 young (11264K), 1 survivors (1024K)
 Metaspace       used 6054K, committed 6208K, reserved 1114112K
  class space    used 695K, committed 768K, reserved 1048576K
}
Event: 21.024 GC heap after
{Heap after GC invocations=3 (full 0):
 garbage-first heap   total 63488K, used 3928K [0x00000000c2e00000, 0x0000000100000000)
  region size 1024K, 2 young (2048K), 2 survivors (2048K)
 Metaspace       used 6054K, committed 6208K, reserved 1114112K
  class space    used 695K, committed 768K, reserved 1048576K
}
Event: 24.367 GC heap before
{Heap before GC invocations=3 (full 0):
 garbage-first heap   total 63488K, used 38744K [0x00000000c2e00000, 0x0000000100000000)
  region size 1024K, 37 young (37888K), 2 survivors (2048K)
 Metaspace       used 10612K, committed 10752K, reserved 1114112K
  class space    used 1256K, committed 1344K, reserved 1048576K
}
Event: 24.382 GC heap after
{Heap after GC invocations=4 (full 0):
 garbage-first heap   total 63488K, used 5880K [0x00000000c2e00000, 0x0000000100000000)
  region size 1024K, 4 young (4096K), 4 survivors (4096K)
 Metaspace       used 10612K, committed 10752K, reserved 1114112K
  class space    used 1256K, committed 1344K, reserved 1048576K
}
Event: 29.220 GC heap before
{Heap before GC invocations=4 (full 0):
 garbage-first heap   total 63488K, used 39672K [0x00000000c2e00000, 0x0000000100000000)
  region size 1024K, 37 young (37888K), 4 survivors (4096K)
 Metaspace       used 16004K, committed 16256K, reserved 1114112K
  class space    used 1889K, committed 2048K, reserved 1048576K
}
Event: 29.248 GC heap after
{Heap after GC invocations=5 (full 0):
 garbage-first heap   total 63488K, used 8582K [0x00000000c2e00000, 0x0000000100000000)
  region size 1024K, 5 young (5120K), 5 survivors (5120K)
 Metaspace       used 16004K, committed 16256K, reserved 1114112K
  class space    used 1889K, committed 2048K, reserved 1048576K
}
Event: 33.836 GC heap before
{Heap before GC invocations=5 (full 0):
 garbage-first heap   total 63488K, used 41350K [0x00000000c2e00000, 0x0000000100000000)
  region size 1024K, 37 young (37888K), 5 survivors (5120K)
 Metaspace       used 16899K, committed 17216K, reserved 1114112K
  class space    used 1951K, committed 2112K, reserved 1048576K
}
Event: 33.891 GC heap after
{Heap after GC invocations=6 (full 0):
 garbage-first heap   total 63488K, used 10152K [0x00000000c2e00000, 0x0000000100000000)
  region size 1024K, 2 young (2048K), 2 survivors (2048K)
 Metaspace       used 16899K, committed 17216K, reserved 1114112K
  class space    used 1951K, committed 2112K, reserved 1048576K
}
Event: 34.319 GC heap before
{Heap before GC invocations=6 (full 0):
 garbage-first heap   total 63488K, used 22440K [0x00000000c2e00000, 0x0000000100000000)
  region size 1024K, 7 young (7168K), 2 survivors (2048K)
 Metaspace       used 17748K, committed 18048K, reserved 1114112K
  class space    used 2056K, committed 2176K, reserved 1048576K
}
Event: 34.327 GC heap after
{Heap after GC invocations=7 (full 0):
 garbage-first heap   total 63488K, used 18880K [0x00000000c2e00000, 0x0000000100000000)
  region size 1024K, 2 young (2048K), 2 survivors (2048K)
 Metaspace       used 17748K, committed 18048K, reserved 1114112K
  class space    used 2056K, committed 2176K, reserved 1048576K
}
Event: 34.395 GC heap before
{Heap before GC invocations=7 (full 0):
 garbage-first heap   total 63488K, used 31168K [0x00000000c2e00000, 0x0000000100000000)
  region size 1024K, 3 young (3072K), 2 survivors (2048K)
 Metaspace       used 17748K, committed 18048K, reserved 1114112K
  class space    used 2056K, committed 2176K, reserved 1048576K
}
Event: 34.403 GC heap after
{Heap after GC invocations=8 (full 0):
 garbage-first heap   total 63488K, used 31106K [0x00000000c2e00000, 0x0000000100000000)
  region size 1024K, 2 young (2048K), 2 survivors (2048K)
 Metaspace       used 17748K, committed 18048K, reserved 1114112K
  class space    used 2056K, committed 2176K, reserved 1048576K
}
Event: 36.348 GC heap before
{Heap before GC invocations=9 (full 0):
 garbage-first heap   total 63488K, used 57730K [0x00000000c2e00000, 0x0000000100000000)
  region size 1024K, 17 young (17408K), 2 survivors (2048K)
 Metaspace       used 20310K, committed 20672K, reserved 1114112K
  class space    used 2335K, committed 2496K, reserved 1048576K
}
Event: 36.360 GC heap after
{Heap after GC invocations=10 (full 0):
 garbage-first heap   total 63488K, used 11452K [0x00000000c2e00000, 0x0000000100000000)
  region size 1024K, 3 young (3072K), 3 survivors (3072K)
 Metaspace       used 20310K, committed 20672K, reserved 1114112K
  class space    used 2335K, committed 2496K, reserved 1048576K
}

